0 info it worked if it ends with ok
1 verbose cli [ '/usr/bin/node',
1 verbose cli   '/usr/lib/node_modules/npm/bin/npm-cli.js',
1 verbose cli   'run-script',
1 verbose cli   'a' ]
2 info using npm@3.10.10
3 info using node@v6.11.3
4 verbose run-script [ 'prea', 'a', 'posta' ]
5 info lifecycle @~prea: @
6 silly lifecycle @~prea: no script for prea, continuing
7 info lifecycle @~a: @
8 verbose lifecycle @~a: unsafe-perm in lifecycle true
9 verbose lifecycle @~a: PATH: /usr/lib/node_modules/npm/bin/node-gyp-bin:/var/www/html/TF/node_modules/.bin:/usr/local/sbin:/usr/local/bin:/usr/sbin:/usr/bin:/sbin:/bin:/usr/games:/usr/local/games
10 verbose lifecycle @~a: CWD: /var/www/html/TF
11 silly lifecycle @~a: Args: [ '-c', 'npm run development' ]
12 silly lifecycle @~a: Returned: code: 1  signal: null
13 info lifecycle @~a: Failed to exec a script
14 verbose stack Error: @ a: `npm run development`
14 verbose stack Exit status 1
14 verbose stack     at EventEmitter.<anonymous> (/usr/lib/node_modules/npm/lib/utils/lifecycle.js:255:16)
14 verbose stack     at emitTwo (events.js:106:13)
14 verbose stack     at EventEmitter.emit (events.js:191:7)
14 verbose stack     at ChildProcess.<anonymous> (/usr/lib/node_modules/npm/lib/utils/spawn.js:40:14)
14 verbose stack     at emitTwo (events.js:106:13)
14 verbose stack     at ChildProcess.emit (events.js:191:7)
14 verbose stack     at maybeClose (internal/child_process.js:920:16)
14 verbose stack     at Process.ChildProcess._handle.onexit (internal/child_process.js:230:5)
15 verbose pkgid @
16 verbose cwd /var/www/html/TF
17 error Linux 3.19.0-32-generic
18 error argv "/usr/bin/node" "/usr/lib/node_modules/npm/bin/npm-cli.js" "run-script" "a"
19 error node v6.11.3
20 error npm  v3.10.10
21 error code ELIFECYCLE
22 error @ a: `npm run development`
22 error Exit status 1
23 error Failed at the @ a script 'npm run development'.
23 error Make sure you have the latest version of node.js and npm installed.
23 error If you do, this is most likely a problem with the  package,
23 error not with npm itself.
23 error Tell the author that this fails on your system:
23 error     npm run development
23 error You can get information on how to open an issue for this project with:
23 error     npm bugs
23 error Or if that isn't available, you can get their info via:
23 error     npm owner ls
23 error There is likely additional logging output above.
24 verbose exit [ 1, true ]
